<?xml version="1.0" encoding="UTF-8"?>
<!-- Generated by org.testng.reporters.JUnitReportReporter -->
<testsuite hostname="DESKTOP-U7NCNIN" failures="0" tests="2" name="Tests.RegTest" time="4.984" errors="0" timestamp="2022-08-30T21:00:35 EET" skipped="0">
  <testcase classname="Tests.RegTest" name="UserRegTest" time="4.958"/>
  <system-out/>
  <testcase classname="Tests.RegTest" name="Result" time="0.026"/>
  <system-out/>
</testsuite> <!-- Tests.RegTest -->
