<?xml version="1.0" encoding="UTF-8"?>
<!-- Generated by org.testng.reporters.JUnitReportReporter -->
<testsuite hostname="DESKTOP-U7NCNIN" failures="0" tests="2" name="Tests.LoginTest" time="1.559" errors="0" timestamp="2022-08-18T19:52:30 EET" skipped="0">
  <testcase classname="Tests.LoginTest" name="openLoginPage" time="1.501"/>
  <system-out/>
  <testcase classname="Tests.LoginTest" name="LogResult" time="0.058"/>
  <system-out/>
</testsuite> <!-- Tests.LoginTest -->
