<?xml version="1.0" encoding="UTF-8"?>
<!-- Generated by org.testng.reporters.JUnitReportReporter -->
<testsuite hostname="DESKTOP-U7NCNIN" failures="0" tests="2" name="Tests.RegTest" time="4.942" errors="0" timestamp="2022-08-21T13:07:27 EET" skipped="0">
  <testcase classname="Tests.RegTest" name="UserRegTest" time="4.848"/>
  <system-out/>
  <testcase classname="Tests.RegTest" name="Result" time="0.094"/>
  <system-out/>
</testsuite> <!-- Tests.RegTest -->
